2020-01-17 09:05:05.868  INFO [userprofile,,,] 19636 --- [restartedMain] c.e.u.p.UserProfileServiceApplication    : No active profile set, falling back to default profiles: default
2020-01-17 09:05:07.104  INFO [userprofile,,,] 19636 --- [restartedMain] .s.d.r.c.RepositoryConfigurationDelegate : Bootstrapping Spring Data JPA repositories in DEFAULT mode.
2020-01-17 09:05:07.130  INFO [userprofile,,,] 19636 --- [restartedMain] .s.d.r.c.RepositoryConfigurationDelegate : Finished Spring Data repository scanning in 16ms. Found 0 JPA repository interfaces.
2020-01-17 09:05:07.853  INFO [userprofile,,,] 19636 --- [restartedMain] o.s.cloud.context.scope.GenericScope     : BeanFactory id=0609c29a-3f7c-34c4-ab3b-f29b61fa90e9
2020-01-17 09:05:07.975  INFO [userprofile,,,] 19636 --- [restartedMain] faultConfiguringBeanFactoryPostProcessor : No bean named 'errorChannel' has been explicitly defined. Therefore, a default PublishSubscribeChannel will be created.
2020-01-17 09:05:07.988  INFO [userprofile,,,] 19636 --- [restartedMain] faultConfiguringBeanFactoryPostProcessor : No bean named 'taskScheduler' has been explicitly defined. Therefore, a default ThreadPoolTaskScheduler will be created.
2020-01-17 09:05:07.994  INFO [userprofile,,,] 19636 --- [restartedMain] faultConfiguringBeanFactoryPostProcessor : No bean named 'integrationHeaderChannelRegistry' has been explicitly defined. Therefore, a default DefaultHeaderChannelRegistry will be created.
2020-01-17 09:05:08.344  INFO [userprofile,,,] 19636 --- [restartedMain] trationDelegate$BeanPostProcessorChecker : Bean 'org.springframework.transaction.annotation.ProxyTransactionManagementConfiguration' of type [org.springframework.transaction.annotation.ProxyTransactionManagementConfiguration] is not eligible for getting processed by all BeanPostProcessors (for example: not eligible for auto-proxying)
2020-01-17 09:05:08.410  INFO [userprofile,,,] 19636 --- [restartedMain] trationDelegate$BeanPostProcessorChecker : Bean 'org.springframework.integration.config.IntegrationManagementConfiguration' of type [org.springframework.integration.config.IntegrationManagementConfiguration] is not eligible for getting processed by all BeanPostProcessors (for example: not eligible for auto-proxying)
2020-01-17 09:05:08.439  INFO [userprofile,,,] 19636 --- [restartedMain] trationDelegate$BeanPostProcessorChecker : Bean 'org.springframework.boot.autoconfigure.integration.IntegrationAutoConfiguration$IntegrationJmxConfiguration' of type [org.springframework.boot.autoconfigure.integration.IntegrationAutoConfiguration$IntegrationJmxConfiguration] is not eligible for getting processed by all BeanPostProcessors (for example: not eligible for auto-proxying)
2020-01-17 09:05:08.457  INFO [userprofile,,,] 19636 --- [restartedMain] trationDelegate$BeanPostProcessorChecker : Bean 'org.springframework.boot.autoconfigure.jmx.JmxAutoConfiguration' of type [org.springframework.boot.autoconfigure.jmx.JmxAutoConfiguration] is not eligible for getting processed by all BeanPostProcessors (for example: not eligible for auto-proxying)
2020-01-17 09:05:08.466  INFO [userprofile,,,] 19636 --- [restartedMain] trationDelegate$BeanPostProcessorChecker : Bean 'mbeanServer' of type [com.sun.jmx.mbeanserver.JmxMBeanServer] is not eligible for getting processed by all BeanPostProcessors (for example: not eligible for auto-proxying)
2020-01-17 09:05:08.525  INFO [userprofile,,,] 19636 --- [restartedMain] trationDelegate$BeanPostProcessorChecker : Bean 'integrationChannelResolver' of type [org.springframework.integration.support.channel.BeanFactoryChannelResolver] is not eligible for getting processed by all BeanPostProcessors (for example: not eligible for auto-proxying)
2020-01-17 09:05:08.529  INFO [userprofile,,,] 19636 --- [restartedMain] trationDelegate$BeanPostProcessorChecker : Bean 'integrationDisposableAutoCreatedBeans' of type [org.springframework.integration.config.annotation.Disposables] is not eligible for getting processed by all BeanPostProcessors (for example: not eligible for auto-proxying)
2020-01-17 09:05:08.550  INFO [userprofile,,,] 19636 --- [restartedMain] trationDelegate$BeanPostProcessorChecker : Bean 'org.springframework.cloud.autoconfigure.ConfigurationPropertiesRebinderAutoConfiguration' of type [org.springframework.cloud.autoconfigure.ConfigurationPropertiesRebinderAutoConfiguration] is not eligible for getting processed by all BeanPostProcessors (for example: not eligible for auto-proxying)
2020-01-17 09:05:09.234  INFO [userprofile,,,] 19636 --- [restartedMain] o.s.b.w.embedded.tomcat.TomcatWebServer  : Tomcat initialized with port(s): 0 (http)
2020-01-17 09:05:09.245  INFO [userprofile,,,] 19636 --- [restartedMain] o.apache.catalina.core.StandardService   : Starting service [Tomcat]
2020-01-17 09:05:09.245  INFO [userprofile,,,] 19636 --- [restartedMain] org.apache.catalina.core.StandardEngine  : Starting Servlet engine: [Apache Tomcat/9.0.29]
2020-01-17 09:05:09.382  INFO [userprofile,,,] 19636 --- [restartedMain] o.a.c.c.C.[Tomcat].[localhost].[/]       : Initializing Spring embedded WebApplicationContext
2020-01-17 09:05:09.383  INFO [userprofile,,,] 19636 --- [restartedMain] o.s.web.context.ContextLoader            : Root WebApplicationContext: initialization completed in 3491 ms
2020-01-17 09:05:10.207  WARN [userprofile,,,] 19636 --- [restartedMain] o.s.c.s.zipkin2.ZipkinAutoConfiguration  : Check result of the [AsyncReporter{org.springframework.cloud.sleuth.zipkin2.sender.RestTemplateSender@5f73d9cb}] contains an error [CheckResult{ok=false, error=org.springframework.web.client.ResourceAccessException: I/O error on POST request for "http://localhost:9411/api/v2/spans": connect timed out; nested exception is java.net.SocketTimeoutException: connect timed out}]
2020-01-17 09:05:10.640  INFO [userprofile,,,] 19636 --- [restartedMain] o.hibernate.jpa.internal.util.LogHelper  : HHH000204: Processing PersistenceUnitInfo [name: default]
2020-01-17 09:05:10.733  INFO [userprofile,,,] 19636 --- [restartedMain] org.hibernate.Version                    : HHH000412: Hibernate Core {5.4.9.Final}
2020-01-17 09:05:10.904  INFO [userprofile,,,] 19636 --- [restartedMain] o.hibernate.annotations.common.Version   : HCANN000001: Hibernate Commons Annotations {5.1.0.Final}
2020-01-17 09:05:11.032  INFO [userprofile,,,] 19636 --- [restartedMain] com.zaxxer.hikari.HikariDataSource       : HikariPool-1 - Starting...
2020-01-17 09:05:11.433  INFO [userprofile,,,] 19636 --- [restartedMain] com.zaxxer.hikari.HikariDataSource       : HikariPool-1 - Start completed.
2020-01-17 09:05:11.450  INFO [userprofile,,,] 19636 --- [restartedMain] org.hibernate.dialect.Dialect            : HHH000400: Using dialect: org.hibernate.dialect.MySQL5InnoDBDialect
2020-01-17 09:05:11.705  INFO [userprofile,,,] 19636 --- [restartedMain] o.h.e.t.j.p.i.JtaPlatformInitiator       : HHH000490: Using JtaPlatform implementation: [org.hibernate.engine.transaction.jta.platform.internal.NoJtaPlatform]
2020-01-17 09:05:11.714  INFO [userprofile,,,] 19636 --- [restartedMain] j.LocalContainerEntityManagerFactoryBean : Initialized JPA EntityManagerFactory for persistence unit 'default'
2020-01-17 09:05:11.785  WARN [userprofile,,,] 19636 --- [restartedMain] o.s.b.d.a.OptionalLiveReloadServer       : Unable to start LiveReload server
2020-01-17 09:05:11.963  WARN [userprofile,,,] 19636 --- [restartedMain] JpaBaseConfiguration$JpaWebConfiguration : spring.jpa.open-in-view is enabled by default. Therefore, database queries may be performed during view rendering. Explicitly configure spring.jpa.open-in-view to disable this warning
2020-01-17 09:05:12.178  INFO [userprofile,,,] 19636 --- [restartedMain] o.s.s.c.ThreadPoolTaskScheduler          : Initializing ExecutorService 'taskScheduler'
2020-01-17 09:05:12.434  WARN [userprofile,,,] 19636 --- [restartedMain] c.n.c.sources.URLConfigurationSource     : No URLs will be polled as dynamic configuration sources.
2020-01-17 09:05:12.435  INFO [userprofile,,,] 19636 --- [restartedMain] c.n.c.sources.URLConfigurationSource     : To enable URLs as dynamic configuration sources, define System property archaius.configurationSource.additionalUrls or make config.properties available on classpath.
2020-01-17 09:05:12.440  WARN [userprofile,,,] 19636 --- [restartedMain] c.n.c.sources.URLConfigurationSource     : No URLs will be polled as dynamic configuration sources.
2020-01-17 09:05:12.440  INFO [userprofile,,,] 19636 --- [restartedMain] c.n.c.sources.URLConfigurationSource     : To enable URLs as dynamic configuration sources, define System property archaius.configurationSource.additionalUrls or make config.properties available on classpath.
2020-01-17 09:05:12.796  INFO [userprofile,,,] 19636 --- [restartedMain] o.s.s.concurrent.ThreadPoolTaskExecutor  : Initializing ExecutorService 'applicationTaskExecutor'
2020-01-17 09:05:14.200  WARN [userprofile,,,] 19636 --- [restartedMain] ockingLoadBalancerClientRibbonWarnLogger : You already have RibbonLoadBalancerClient on your classpath. It will be used by default. As Spring Cloud Ribbon is in maintenance mode. We recommend switching to BlockingLoadBalancerClient instead. In order to use it, set the value of `spring.cloud.loadbalancer.ribbon.enabled` to `false` or remove spring-cloud-starter-netflix-ribbon from your project.
2020-01-17 09:05:14.443  WARN [userprofile,,,] 19636 --- [restartedMain] iguration$LoadBalancerCaffeineWarnLogger : Spring Cloud LoadBalancer is currently working with default default cache. You can switch to using Caffeine cache, by adding it to the classpath.
2020-01-17 09:05:14.618  INFO [userprofile,,,] 19636 --- [restartedMain] c.f.c.c.BeanFactoryAwareFunctionRegistry : Looking up function 'null' with acceptedOutputTypes: []
2020-01-17 09:05:14.998  INFO [userprofile,,,] 19636 --- [restartedMain] o.s.i.monitor.IntegrationMBeanExporter   : Registering MessageChannel springCloudBusInput
2020-01-17 09:05:15.149  INFO [userprofile,,,] 19636 --- [restartedMain] o.s.i.monitor.IntegrationMBeanExporter   : Registering MessageChannel springCloudBusOutput
2020-01-17 09:05:15.160  INFO [userprofile,,,] 19636 --- [restartedMain] o.s.i.monitor.IntegrationMBeanExporter   : Registering MessageChannel nullChannel
2020-01-17 09:05:15.182  INFO [userprofile,,,] 19636 --- [restartedMain] o.s.i.monitor.IntegrationMBeanExporter   : Registering MessageChannel errorChannel
2020-01-17 09:05:15.284  INFO [userprofile,,,] 19636 --- [restartedMain] o.s.i.monitor.IntegrationMBeanExporter   : Registering MessageHandler errorLogger
2020-01-17 09:05:15.337  INFO [userprofile,,,] 19636 --- [restartedMain] o.s.c.s.m.DirectWithAttributesChannel    : Channel 'application-1.springCloudBusInput' has 1 subscriber(s).
2020-01-17 09:05:15.342  INFO [userprofile,,,] 19636 --- [restartedMain] o.s.i.endpoint.EventDrivenConsumer       : Adding {logging-channel-adapter:_org.springframework.integration.errorLogger} as a subscriber to the 'errorChannel' channel
2020-01-17 09:05:15.343  INFO [userprofile,,,] 19636 --- [restartedMain] o.s.i.channel.PublishSubscribeChannel    : Channel 'application-1.errorChannel' has 1 subscriber(s).
2020-01-17 09:05:15.343  INFO [userprofile,,,] 19636 --- [restartedMain] o.s.i.endpoint.EventDrivenConsumer       : started bean '_org.springframework.integration.errorLogger'
2020-01-17 09:05:15.439  INFO [userprofile,,,] 19636 --- [restartedMain] c.c.c.ConfigServicePropertySourceLocator : Fetching config from server at : http://localhost:8012
2020-01-17 09:05:15.692  INFO [userprofile,,,] 19636 --- [restartedMain] c.c.c.ConfigServicePropertySourceLocator : Located environment: name=userprofile, profiles=[default], label=null, version=f76343558500a15fea6d9812df20057e7003fb7e, state=null
2020-01-17 09:05:15.693  INFO [userprofile,,,] 19636 --- [restartedMain] b.c.PropertySourceBootstrapConfiguration : Located property source: OriginTrackedCompositePropertySource {name='configService', propertySources=[MapPropertySource {name='configClient'}, OriginTrackedMapPropertySource {name='https://bitbucket.org/rautpranay/server-configuration//userprofile.properties'}, OriginTrackedMapPropertySource {name='https://bitbucket.org/rautpranay/server-configuration//application.properties'}]}
2020-01-17 09:05:15.897  INFO [userprofile,,,] 19636 --- [restartedMain] o.s.a.r.c.CachingConnectionFactory       : Attempting to connect to: [localhost:5672]
2020-01-17 09:05:16.018  INFO [userprofile,,,] 19636 --- [restartedMain] o.s.a.r.c.CachingConnectionFactory       : Created new connection: rabbitConnectionFactory#74928ba4:0/SimpleConnection@374a438d [delegate=amqp://guest@127.0.0.1:5672/, localPort= 65245]
2020-01-17 09:05:16.074  INFO [userprofile,,,] 19636 --- [restartedMain] o.s.c.s.m.DirectWithAttributesChannel    : Channel 'application-1.springCloudBusOutput' has 1 subscriber(s).
2020-01-17 09:05:16.110  INFO [userprofile,,,] 19636 --- [restartedMain] c.s.b.r.p.RabbitExchangeQueueProvisioner : declaring queue for inbound: springCloudBus.anonymous.KH98zw6MTLa1pUZHoyAhpQ, bound to: springCloudBus
2020-01-17 09:05:16.134  INFO [userprofile,,,] 19636 --- [restartedMain] o.s.c.stream.binder.BinderErrorChannel   : Channel 'springCloudBus.anonymous.KH98zw6MTLa1pUZHoyAhpQ.errors' has 1 subscriber(s).
2020-01-17 09:05:16.134  INFO [userprofile,,,] 19636 --- [restartedMain] o.s.c.stream.binder.BinderErrorChannel   : Channel 'springCloudBus.anonymous.KH98zw6MTLa1pUZHoyAhpQ.errors' has 2 subscriber(s).
2020-01-17 09:05:16.156  INFO [userprofile,,,] 19636 --- [restartedMain] o.s.i.a.i.AmqpInboundChannelAdapter      : started bean 'inbound.springCloudBus.anonymous.KH98zw6MTLa1pUZHoyAhpQ'
2020-01-17 09:05:16.224  INFO [userprofile,,,] 19636 --- [restartedMain] o.s.b.w.embedded.tomcat.TomcatWebServer  : Tomcat started on port(s): 65246 (http) with context path ''
2020-01-17 09:05:16.224  INFO [userprofile,,,] 19636 --- [restartedMain] .s.c.n.e.s.EurekaAutoServiceRegistration : Updating port to 65246
2020-01-17 09:05:16.232  INFO [userprofile,,,] 19636 --- [restartedMain] o.s.c.n.eureka.InstanceInfoFactory       : Setting initial instance status as: STARTING
2020-01-17 09:05:16.286  INFO [userprofile,,,] 19636 --- [restartedMain] com.netflix.discovery.DiscoveryClient    : Initializing Eureka in region us-east-1
2020-01-17 09:05:16.364  INFO [userprofile,,,] 19636 --- [restartedMain] c.n.d.provider.DiscoveryJerseyProvider   : Using JSON encoding codec LegacyJacksonJson
2020-01-17 09:05:16.364  INFO [userprofile,,,] 19636 --- [restartedMain] c.n.d.provider.DiscoveryJerseyProvider   : Using JSON decoding codec LegacyJacksonJson
2020-01-17 09:05:16.504  INFO [userprofile,,,] 19636 --- [restartedMain] c.n.d.provider.DiscoveryJerseyProvider   : Using XML encoding codec XStreamXml
2020-01-17 09:05:16.505  INFO [userprofile,,,] 19636 --- [restartedMain] c.n.d.provider.DiscoveryJerseyProvider   : Using XML decoding codec XStreamXml
2020-01-17 09:05:16.783  INFO [userprofile,,,] 19636 --- [restartedMain] c.n.d.s.r.aws.ConfigClusterResolver      : Resolving eureka endpoints via configuration
2020-01-17 09:05:16.833  INFO [userprofile,,,] 19636 --- [restartedMain] com.netflix.discovery.DiscoveryClient    : Disable delta property : false
2020-01-17 09:05:16.833  INFO [userprofile,,,] 19636 --- [restartedMain] com.netflix.discovery.DiscoveryClient    : Single vip registry refresh property : null
2020-01-17 09:05:16.833  INFO [userprofile,,,] 19636 --- [restartedMain] com.netflix.discovery.DiscoveryClient    : Force full registry fetch : false
2020-01-17 09:05:16.833  INFO [userprofile,,,] 19636 --- [restartedMain] com.netflix.discovery.DiscoveryClient    : Application is null : false
2020-01-17 09:05:16.833  INFO [userprofile,,,] 19636 --- [restartedMain] com.netflix.discovery.DiscoveryClient    : Registered Applications size is zero : true
2020-01-17 09:05:16.833  INFO [userprofile,,,] 19636 --- [restartedMain] com.netflix.discovery.DiscoveryClient    : Application version is -1: true
2020-01-17 09:05:16.833  INFO [userprofile,,,] 19636 --- [restartedMain] com.netflix.discovery.DiscoveryClient    : Getting all instance registry info from the eureka server
2020-01-17 09:05:17.111  INFO [userprofile,,,] 19636 --- [restartedMain] com.netflix.discovery.DiscoveryClient    : The response status is 200
2020-01-17 09:05:17.115  INFO [userprofile,,,] 19636 --- [restartedMain] com.netflix.discovery.DiscoveryClient    : Starting heartbeat executor: renew interval is: 30
2020-01-17 09:05:17.117  INFO [userprofile,,,] 19636 --- [restartedMain] c.n.discovery.InstanceInfoReplicator     : InstanceInfoReplicator onDemand update allowed rate per min is 4
2020-01-17 09:05:17.121  INFO [userprofile,,,] 19636 --- [restartedMain] com.netflix.discovery.DiscoveryClient    : Discovery Client initialized at timestamp 1579251917120 with initial instances count: 1
2020-01-17 09:05:17.133  INFO [userprofile,,,] 19636 --- [restartedMain] o.s.c.n.e.s.EurekaServiceRegistry        : Registering application USERPROFILE with eureka with status UP
2020-01-17 09:05:17.134  INFO [userprofile,,,] 19636 --- [restartedMain] com.netflix.discovery.DiscoveryClient    : Saw local status change event StatusChangeEvent [timestamp=1579251917134, current=UP, previous=STARTING]
2020-01-17 09:05:17.137  INFO [userprofile,,,] 19636 --- [DiscoveryClient-InstanceInfoReplicator-0] com.netflix.discovery.DiscoveryClient    : DiscoveryClient_USERPROFILE/userprofile:697f47a69debcf487b433ac088ebcf1d: registering service...
2020-01-17 09:05:17.180  INFO [userprofile,,,] 19636 --- [restartedMain] c.e.u.p.UserProfileServiceApplication    : Started UserProfileServiceApplication in 12.841 seconds (JVM running for 13.765)
2020-01-17 09:05:17.183  INFO [userprofile,,,] 19636 --- [DiscoveryClient-InstanceInfoReplicator-0] com.netflix.discovery.DiscoveryClient    : DiscoveryClient_USERPROFILE/userprofile:697f47a69debcf487b433ac088ebcf1d - registration status: 204
2020-01-17 09:06:04.767  INFO [userprofile,,,] 19636 --- [RMI TCP Connection(10)-127.0.0.1] inMXBeanRegistrar$SpringApplicationAdmin : Application shutdown requested.
2020-01-17 09:06:04.768  INFO [userprofile,,,] 19636 --- [RMI TCP Connection(10)-127.0.0.1] o.s.c.n.e.s.EurekaServiceRegistry        : Unregistering application USERPROFILE with eureka with status DOWN
2020-01-17 09:06:04.769  WARN [userprofile,,,] 19636 --- [RMI TCP Connection(10)-127.0.0.1] com.netflix.discovery.DiscoveryClient    : Saw local status change event StatusChangeEvent [timestamp=1579251964769, current=DOWN, previous=UP]
2020-01-17 09:06:04.769  INFO [userprofile,,,] 19636 --- [DiscoveryClient-InstanceInfoReplicator-0] com.netflix.discovery.DiscoveryClient    : DiscoveryClient_USERPROFILE/userprofile:697f47a69debcf487b433ac088ebcf1d: registering service...
2020-01-17 09:06:04.774  INFO [userprofile,,,] 19636 --- [DiscoveryClient-InstanceInfoReplicator-0] com.netflix.discovery.DiscoveryClient    : DiscoveryClient_USERPROFILE/userprofile:697f47a69debcf487b433ac088ebcf1d - registration status: 204
2020-01-17 09:06:04.780  INFO [userprofile,,,] 19636 --- [RMI TCP Connection(10)-127.0.0.1] o.s.a.r.l.SimpleMessageListenerContainer : Waiting for workers to finish.
2020-01-17 09:06:05.229  INFO [userprofile,,,] 19636 --- [RMI TCP Connection(10)-127.0.0.1] o.s.a.r.l.SimpleMessageListenerContainer : Successfully waited for workers to finish.
2020-01-17 09:06:05.229  INFO [userprofile,,,] 19636 --- [RMI TCP Connection(10)-127.0.0.1] o.s.i.a.i.AmqpInboundChannelAdapter      : stopped bean 'inbound.springCloudBus.anonymous.KH98zw6MTLa1pUZHoyAhpQ'
2020-01-17 09:06:05.255  INFO [userprofile,,,] 19636 --- [RMI TCP Connection(10)-127.0.0.1] o.s.i.monitor.IntegrationMBeanExporter   : Registering MessageChannel springCloudBus.anonymous.KH98zw6MTLa1pUZHoyAhpQ.errors
2020-01-17 09:06:05.307  INFO [userprofile,,,] 19636 --- [RMI TCP Connection(10)-127.0.0.1] o.s.c.stream.binder.BinderErrorChannel   : Channel 'application-1.springCloudBus.anonymous.KH98zw6MTLa1pUZHoyAhpQ.errors' has 1 subscriber(s).
2020-01-17 09:06:05.309  INFO [userprofile,,,] 19636 --- [RMI TCP Connection(10)-127.0.0.1] o.s.c.stream.binder.BinderErrorChannel   : Channel 'application-1.springCloudBus.anonymous.KH98zw6MTLa1pUZHoyAhpQ.errors' has 0 subscriber(s).
2020-01-17 09:06:05.313  INFO [userprofile,,,] 19636 --- [RMI TCP Connection(10)-127.0.0.1] o.s.i.endpoint.EventDrivenConsumer       : Removing {logging-channel-adapter:_org.springframework.integration.errorLogger} as a subscriber to the 'errorChannel' channel
2020-01-17 09:06:05.314  INFO [userprofile,,,] 19636 --- [RMI TCP Connection(10)-127.0.0.1] o.s.i.channel.PublishSubscribeChannel    : Channel 'application-1.errorChannel' has 0 subscriber(s).
2020-01-17 09:06:05.314  INFO [userprofile,,,] 19636 --- [RMI TCP Connection(10)-127.0.0.1] o.s.i.endpoint.EventDrivenConsumer       : stopped bean '_org.springframework.integration.errorLogger'
2020-01-17 09:06:05.323  INFO [userprofile,,,] 19636 --- [RMI TCP Connection(10)-127.0.0.1] o.s.s.concurrent.ThreadPoolTaskExecutor  : Shutting down ExecutorService 'applicationTaskExecutor'
2020-01-17 09:06:05.367  INFO [userprofile,,,] 19636 --- [RMI TCP Connection(10)-127.0.0.1] o.s.s.c.ThreadPoolTaskScheduler          : Shutting down ExecutorService 'taskScheduler'
2020-01-17 09:06:05.370  INFO [userprofile,,,] 19636 --- [RMI TCP Connection(10)-127.0.0.1] j.LocalContainerEntityManagerFactoryBean : Closing JPA EntityManagerFactory for persistence unit 'default'
2020-01-17 09:06:05.370  INFO [userprofile,,,] 19636 --- [RMI TCP Connection(10)-127.0.0.1] .SchemaDropperImpl$DelayedDropActionImpl : HHH000477: Starting delayed evictData of schema as part of SessionFactory shut-down'
2020-01-17 09:06:06.268  WARN [userprofile,,,] 19636 --- [AsyncReporter{org.springframework.cloud.sleuth.zipkin2.sender.RestTemplateSender@5f73d9cb}] z.r.AsyncReporter$BoundedAsyncReporter   : Spans were dropped due to exceptions. All subsequent errors will be logged at FINE level.
2020-01-17 09:06:06.273  WARN [userprofile,,,] 19636 --- [AsyncReporter{org.springframework.cloud.sleuth.zipkin2.sender.RestTemplateSender@5f73d9cb}] z.r.AsyncReporter$BoundedAsyncReporter   : Dropped 0 spans due to ResourceAccessException(I/O error on POST request for "http://localhost:9411/api/v2/spans": connect timed out; nested exception is java.net.SocketTimeoutException: connect timed out)

org.springframework.web.client.ResourceAccessException: I/O error on POST request for "http://localhost:9411/api/v2/spans": connect timed out; nested exception is java.net.SocketTimeoutException: connect timed out
	at org.springframework.web.client.RestTemplate.doExecute(RestTemplate.java:751) ~[spring-web-5.2.2.RELEASE.jar:5.2.2.RELEASE]
	at org.springframework.cloud.sleuth.zipkin2.sender.ZipkinRestTemplateWrapper.doExecute(ZipkinRestTemplateSenderConfiguration.java:228) ~[spring-cloud-sleuth-zipkin-2.2.0.RELEASE.jar:2.2.0.RELEASE]
	at org.springframework.web.client.RestTemplate.exchange(RestTemplate.java:644) ~[spring-web-5.2.2.RELEASE.jar:5.2.2.RELEASE]
	at org.springframework.cloud.sleuth.zipkin2.sender.RestTemplateSender.post(RestTemplateSender.java:129) ~[spring-cloud-sleuth-zipkin-2.2.0.RELEASE.jar:2.2.0.RELEASE]
	at org.springframework.cloud.sleuth.zipkin2.sender.RestTemplateSender$HttpPostCall.doExecute(RestTemplateSender.java:142) ~[spring-cloud-sleuth-zipkin-2.2.0.RELEASE.jar:2.2.0.RELEASE]
	at org.springframework.cloud.sleuth.zipkin2.sender.RestTemplateSender$HttpPostCall.doExecute(RestTemplateSender.java:132) ~[spring-cloud-sleuth-zipkin-2.2.0.RELEASE.jar:2.2.0.RELEASE]
	at zipkin2.Call$Base.execute(Call.java:380) ~[zipkin-2.19.0.jar:na]
	at zipkin2.reporter.AsyncReporter$BoundedAsyncReporter.flush(AsyncReporter.java:285) ~[zipkin-reporter-2.11.0.jar:na]
	at zipkin2.reporter.AsyncReporter$Flusher.run(AsyncReporter.java:354) [zipkin-reporter-2.11.0.jar:na]
	at java.lang.Thread.run(Unknown Source) [na:1.8.0_181]
Caused by: java.net.SocketTimeoutException: connect timed out
	at java.net.DualStackPlainSocketImpl.waitForConnect(Native Method) ~[na:1.8.0_181]
	at java.net.DualStackPlainSocketImpl.socketConnect(Unknown Source) ~[na:1.8.0_181]
	at java.net.AbstractPlainSocketImpl.doConnect(Unknown Source) ~[na:1.8.0_181]
	at java.net.AbstractPlainSocketImpl.connectToAddress(Unknown Source) ~[na:1.8.0_181]
	at java.net.AbstractPlainSocketImpl.connect(Unknown Source) ~[na:1.8.0_181]
	at java.net.PlainSocketImpl.connect(Unknown Source) ~[na:1.8.0_181]
	at java.net.SocksSocketImpl.connect(Unknown Source) ~[na:1.8.0_181]
	at java.net.Socket.connect(Unknown Source) ~[na:1.8.0_181]
	at sun.net.NetworkClient.doConnect(Unknown Source) ~[na:1.8.0_181]
	at sun.net.www.http.HttpClient.openServer(Unknown Source) ~[na:1.8.0_181]
	at sun.net.www.http.HttpClient.openServer(Unknown Source) ~[na:1.8.0_181]
	at sun.net.www.http.HttpClient.<init>(Unknown Source) ~[na:1.8.0_181]
	at sun.net.www.http.HttpClient.New(Unknown Source) ~[na:1.8.0_181]
	at sun.net.www.http.HttpClient.New(Unknown Source) ~[na:1.8.0_181]
	at sun.net.www.protocol.http.HttpURLConnection.getNewHttpClient(Unknown Source) ~[na:1.8.0_181]
	at sun.net.www.protocol.http.HttpURLConnection.plainConnect0(Unknown Source) ~[na:1.8.0_181]
	at sun.net.www.protocol.http.HttpURLConnection.plainConnect(Unknown Source) ~[na:1.8.0_181]
	at sun.net.www.protocol.http.HttpURLConnection.connect(Unknown Source) ~[na:1.8.0_181]
	at org.springframework.http.client.SimpleBufferingClientHttpRequest.executeInternal(SimpleBufferingClientHttpRequest.java:76) ~[spring-web-5.2.2.RELEASE.jar:5.2.2.RELEASE]
	at org.springframework.http.client.AbstractBufferingClientHttpRequest.executeInternal(AbstractBufferingClientHttpRequest.java:48) ~[spring-web-5.2.2.RELEASE.jar:5.2.2.RELEASE]
	at org.springframework.http.client.AbstractClientHttpRequest.execute(AbstractClientHttpRequest.java:53) ~[spring-web-5.2.2.RELEASE.jar:5.2.2.RELEASE]
	at org.springframework.web.client.RestTemplate.doExecute(RestTemplate.java:742) ~[spring-web-5.2.2.RELEASE.jar:5.2.2.RELEASE]
	... 9 common frames omitted

2020-01-17 09:06:06.275  INFO [userprofile,,,] 19636 --- [RMI TCP Connection(10)-127.0.0.1] o.s.i.monitor.IntegrationMBeanExporter   : Summary on shutdown: bean 'springCloudBusInput'
2020-01-17 09:06:06.275  INFO [userprofile,,,] 19636 --- [RMI TCP Connection(10)-127.0.0.1] o.s.i.monitor.IntegrationMBeanExporter   : Summary on shutdown: bean 'springCloudBusOutput'
2020-01-17 09:06:06.275  INFO [userprofile,,,] 19636 --- [RMI TCP Connection(10)-127.0.0.1] o.s.i.monitor.IntegrationMBeanExporter   : Summary on shutdown: nullChannel
2020-01-17 09:06:06.275  INFO [userprofile,,,] 19636 --- [RMI TCP Connection(10)-127.0.0.1] o.s.i.monitor.IntegrationMBeanExporter   : Summary on shutdown: bean 'errorChannel'
2020-01-17 09:06:06.275  INFO [userprofile,,,] 19636 --- [RMI TCP Connection(10)-127.0.0.1] o.s.i.monitor.IntegrationMBeanExporter   : Summary on shutdown: bean '_org.springframework.integration.errorLogger.handler' for component '_org.springframework.integration.errorLogger'
2020-01-17 09:06:06.275  INFO [userprofile,,,] 19636 --- [RMI TCP Connection(10)-127.0.0.1] com.netflix.discovery.DiscoveryClient    : Shutting down DiscoveryClient ...
2020-01-17 09:06:09.277  INFO [userprofile,,,] 19636 --- [RMI TCP Connection(10)-127.0.0.1] com.netflix.discovery.DiscoveryClient    : Unregistering ...
2020-01-17 09:06:09.284  INFO [userprofile,,,] 19636 --- [RMI TCP Connection(10)-127.0.0.1] com.netflix.discovery.DiscoveryClient    : DiscoveryClient_USERPROFILE/userprofile:697f47a69debcf487b433ac088ebcf1d - deregister  status: 200
2020-01-17 09:06:09.293  INFO [userprofile,,,] 19636 --- [RMI TCP Connection(10)-127.0.0.1] com.netflix.discovery.DiscoveryClient    : Completed shut down of DiscoveryClient
2020-01-17 09:06:09.293  INFO [userprofile,,,] 19636 --- [RMI TCP Connection(10)-127.0.0.1] com.zaxxer.hikari.HikariDataSource       : HikariPool-1 - Shutdown initiated...
2020-01-17 09:06:09.304  INFO [userprofile,,,] 19636 --- [RMI TCP Connection(10)-127.0.0.1] com.zaxxer.hikari.HikariDataSource       : HikariPool-1 - Shutdown completed.
2020-01-17 09:06:09.336  INFO [userprofile,,,] 19636 --- [RMI TCP Connection(10)-127.0.0.1] o.apache.catalina.core.StandardService   : Stopping service [Tomcat]
